<?xml version="1.0" encoding="UTF-8"?>
<testng-results ignored="0" total="1" passed="1" failed="0" skipped="0">
  <reporter-output>
  </reporter-output>
  <suite started-at="2023-08-04T00:37:12 IST" name="Default suite" finished-at="2023-08-04T00:37:32 IST" duration-ms="19261">
    <groups>
    </groups>
    <test started-at="2023-08-04T00:37:12 IST" name="Default test" finished-at="2023-08-04T00:37:32 IST" duration-ms="19261">
      <class name="com.medicureapp.MediCureTest">
        <test-method signature="testapp()[pri:0, instance:com.medicureapp.MediCureTest@38cee291]" started-at="2023-08-04T00:37:13 IST" name="testapp" finished-at="2023-08-04T00:37:32 IST" duration-ms="19161" status="PASS">
          <reporter-output>
          </reporter-output>
        </test-method> <!-- testapp -->
      </class> <!-- com.medicureapp.MediCureTest -->
    </test> <!-- Default test -->
  </suite> <!-- Default suite -->
</testng-results>
